bhct> Variable no trobada
bhct> a2 -> a2
bhct> Variable no trobada
bhct> a2 -> a2
bhct> 
bhct> Variable no trobada
bhct> c1 -> c1
bhct> Int -> Int
bhct> Int -> Bool
bhct> 
bhct> (t4 -> t4) -> t4 -> t4
bhct> Int -> Int
bhct> Bool -> Bool
bhct> 
bhct> Int -> Bool
bhct> Int -> Int -> Bool
bhct> 
bhct> Int -> Bool
bhct> (Bool -> t5) -> Int -> t5
bhct> 
bhct> Variable no trobada
bhct> No es pot unificar un booleà amb un enter
bhct> t3
bhct> No es pot unificar un booleà amb un enter
bhct> 
bhct> 
bhct> Variable no trobada
bhct> Bool -> Int
bhct> Int -> Int
bhct> 