\BOOKMARK [-1][-]{part.1}{\376\377\000I\000\040\000G\000e\000s\000t\000i\000\363\000\040\000d\000e\000l\000\040\000P\000r\000o\000j\000e\000c\000t\000e\000\040\000\050\000G\000E\000P\000\051}{}% 1
\BOOKMARK [0][-]{section.0.1}{\376\377\000I\000n\000t\000r\000o\000d\000u\000c\000c\000i\000\363}{part.1}% 2
\BOOKMARK [1][-]{section.0.2}{\376\377\000C\000o\000n\000t\000e\000x\000t\000u\000a\000l\000i\000t\000z\000a\000c\000i\000\363\000\040\000d\000e\000l\000\040\000P\000r\000o\000j\000e\000c\000t\000e}{section.0.1}% 3
\BOOKMARK [2][-]{subsection.0.2.1}{\376\377\000M\000a\000r\000c\000\040\000d\000e\000l\000\040\000p\000r\000o\000j\000e\000c\000t\000e\000\040\000i\000\040\000c\000o\000n\000t\000e\000x\000t\000u\000a\000l\000i\000t\000z\000a\000c\000i\000\363\000\040\000a\000\040\000l\000a\000\040\000F\000I\000B}{section.0.2}% 4
\BOOKMARK [2][-]{subsection.0.2.2}{\376\377\000D\000e\000f\000i\000n\000i\000c\000i\000\363\000\040\000d\000e\000\040\000t\000e\000r\000m\000e\000s\000\040\000i\000\040\000c\000o\000n\000c\000e\000p\000t\000e\000s\000\040\000c\000l\000a\000u}{section.0.2}% 5
\BOOKMARK [2][-]{subsection.0.2.3}{\376\377\000I\000d\000e\000n\000t\000i\000f\000i\000c\000a\000c\000i\000\363\000\040\000d\000e\000l\000\040\000p\000r\000o\000b\000l\000e\000m\000a\000\040\000a\000\040\000r\000e\000s\000o\000l\000d\000r\000e}{section.0.2}% 6
\BOOKMARK [2][-]{subsection.0.2.4}{\376\377\000A\000c\000t\000o\000r\000s\000\040\000i\000m\000p\000l\000i\000c\000a\000t\000s\000\040\000i\000\040\000b\000e\000n\000e\000f\000i\000c\000i\000a\000r\000i\000s}{section.0.2}% 7
\BOOKMARK [2][-]{subsection.0.2.5}{\376\377\000E\000s\000t\000a\000t\000\040\000d\000e\000\040\000l\000'\000a\000r\000t\000\040\000i\000\040\000a\000l\000t\000e\000r\000n\000a\000t\000i\000v\000e\000s\000\040\000e\000x\000i\000s\000t\000e\000n\000t\000s}{section.0.2}% 8
\BOOKMARK [2][-]{subsection.0.2.6}{\376\377\000J\000u\000s\000t\000i\000f\000i\000c\000a\000c\000i\000\363\000\040\000d\000e\000l\000\040\000p\000r\000o\000j\000e\000c\000t\000e\000\040\000i\000\040\000v\000a\000l\000o\000r\000\040\000a\000f\000e\000g\000i\000t}{section.0.2}% 9
\BOOKMARK [1][-]{section.0.3}{\376\377\000A\000b\000a\000s\000t\000\040\000i\000\040\000O\000b\000j\000e\000c\000t\000i\000u\000s\000\040\000d\000e\000l\000\040\000P\000r\000o\000j\000e\000c\000t\000e}{section.0.1}% 10
\BOOKMARK [2][-]{subsection.0.3.1}{\376\377\000O\000b\000j\000e\000c\000t\000i\000u\000\040\000G\000e\000n\000e\000r\000a\000l}{section.0.3}% 11
\BOOKMARK [2][-]{subsection.0.3.2}{\376\377\000O\000b\000j\000e\000c\000t\000i\000u\000s\000\040\000E\000s\000p\000e\000c\000\355\000f\000i\000c\000s}{section.0.3}% 12
\BOOKMARK [2][-]{subsection.0.3.3}{\376\377\000L\000\355\000m\000i\000t\000s\000\040\000d\000e\000l\000\040\000s\000i\000s\000t\000e\000m\000a\000\040\000i\000\040\000e\000l\000e\000m\000e\000n\000t\000s\000\040\000f\000o\000r\000a\000\040\000d\000e\000\040\000l\000'\000a\000b\000a\000s\000t}{section.0.3}% 13
\BOOKMARK [2][-]{subsection.0.3.4}{\376\377\000R\000e\000q\000u\000e\000r\000i\000m\000e\000n\000t\000s\000\040\000T\000\350\000c\000n\000i\000c\000s\000\040\000i\000\040\000F\000u\000n\000c\000i\000o\000n\000a\000l\000s}{section.0.3}% 14
\BOOKMARK [2][-]{subsection.0.3.5}{\376\377\000I\000d\000e\000n\000t\000i\000f\000i\000c\000a\000c\000i\000\363\000\040\000d\000e\000\040\000R\000i\000s\000c\000o\000s\000\040\000i\000\040\000P\000l\000a\000n\000s\000\040\000d\000e\000\040\000M\000i\000t\000i\000g\000a\000c\000i\000\363}{section.0.3}% 15
\BOOKMARK [1][-]{section.0.4}{\376\377\000M\000e\000t\000o\000d\000o\000l\000o\000g\000i\000a\000\040\000i\000\040\000R\000i\000g\000o\000r\000\040\000d\000e\000\040\000D\000e\000s\000e\000n\000v\000o\000l\000u\000p\000a\000m\000e\000n\000t}{section.0.1}% 16
\BOOKMARK [1][-]{section.0.5}{\376\377\000P\000l\000a\000n\000i\000f\000i\000c\000a\000c\000i\000\363\000\040\000T\000e\000m\000p\000o\000r\000a\000l}{section.0.1}% 17
\BOOKMARK [2][-]{subsection.0.5.1}{\376\377\000G\000e\000s\000t\000i\000\363\000\040\000d\000e\000l\000\040\000C\000a\000l\000e\000n\000d\000a\000r\000i\000\040\000i\000\040\000D\000i\000s\000t\000r\000i\000b\000u\000c\000i\000\363\000\040\000d\000'\000H\000o\000r\000e\000s}{section.0.5}% 18
\BOOKMARK [2][-]{subsection.0.5.2}{\376\377\000D\000e\000s\000c\000r\000i\000p\000c\000i\000\363\000\040\000D\000e\000t\000a\000l\000l\000a\000d\000a\000\040\000d\000e\000\040\000l\000e\000s\000\040\000T\000a\000s\000q\000u\000e\000s\000,\000\040\000P\000r\000e\000c\000e\000d\000\350\000n\000c\000i\000e\000s\000\040\000i\000\040\000R\000o\000l\000s}{section.0.5}% 19
\BOOKMARK [2][-]{subsection.0.5.3}{\376\377\000R\000e\000c\000u\000r\000s\000o\000s\000\040\000H\000u\000m\000a\000n\000s\000\040\000i\000\040\000M\000a\000t\000e\000r\000i\000a\000l\000s}{section.0.5}% 20
\BOOKMARK [2][-]{subsection.0.5.4}{\376\377\000D\000i\000a\000g\000r\000a\000m\000a\000\040\000d\000e\000\040\000G\000a\000n\000t\000t}{section.0.5}% 21
\BOOKMARK [1][-]{section.0.6}{\376\377\000P\000r\000e\000s\000s\000u\000p\000o\000s\000t\000\040\000i\000\040\000S\000o\000s\000t\000e\000n\000i\000b\000i\000l\000i\000t\000a\000t}{section.0.1}% 22
\BOOKMARK [2][-]{subsection.0.6.1}{\376\377\000I\000d\000e\000n\000t\000i\000f\000i\000c\000a\000c\000i\000\363\000\040\000i\000\040\000J\000u\000s\000t\000i\000f\000i\000c\000a\000c\000i\000\363\000\040\000d\000e\000\040\000C\000o\000s\000t\000o\000s}{section.0.6}% 23
\BOOKMARK [2][-]{subsection.0.6.2}{\376\377\000C\000o\000n\000t\000r\000o\000l\000\040\000d\000e\000\040\000G\000e\000s\000t\000i\000\363\000\040\000d\000e\000\040\000D\000e\000s\000v\000i\000a\000c\000i\000o\000n\000s}{section.0.6}% 24
\BOOKMARK [2][-]{subsection.0.6.3}{\376\377\000I\000n\000f\000o\000r\000m\000e\000\040\000d\000e\000\040\000S\000o\000s\000t\000e\000n\000i\000b\000i\000l\000i\000t\000a\000t}{section.0.6}% 25
\BOOKMARK [-1][-]{part.2}{\376\377\000I\000I\000\040\000D\000e\000s\000e\000n\000v\000o\000l\000u\000p\000a\000m\000e\000n\000t\000\040\000T\000\350\000c\000n\000i\000c}{}% 26
\BOOKMARK [0][-]{chapter.1}{\376\377\000A\000n\000\340\000l\000i\000s\000i\000\040\000L\000\350\000x\000i\000c\000a\000\040\000i\000\040\000S\000i\000n\000t\000\340\000c\000t\000i\000c\000a}{part.2}% 27
\BOOKMARK [1][-]{section.1.1}{\376\377\000D\000i\000s\000s\000e\000n\000y\000\040\000d\000e\000\040\000l\000a\000\040\000g\000r\000a\000m\000\340\000t\000i\000c\000a}{chapter.1}% 28
\BOOKMARK [1][-]{section.1.2}{\376\377\000I\000m\000p\000l\000e\000m\000e\000n\000t\000a\000c\000i\000\363\000\040\000d\000e\000l\000\040\000P\000a\000r\000s\000e\000r}{chapter.1}% 29
\BOOKMARK [2][-]{subsection.1.2.1}{\376\377\000C\000o\000m\000b\000i\000n\000a\000d\000o\000r\000s\000\040\000d\000e\000\040\000P\000a\000r\000s\000e\000r\000s\000\040\000M\000o\000n\000\340\000d\000i\000c\000s}{section.1.2}% 30
\BOOKMARK [2][-]{subsection.1.2.2}{\376\377\000G\000e\000s\000t\000i\000\363\000\040\000d\000e\000\040\000P\000r\000e\000c\000e\000d\000\350\000n\000c\000i\000a\000\040\000i\000\040\000A\000s\000s\000o\000c\000i\000a\000t\000i\000v\000i\000t\000a\000t\000\040\000i\000\040\000J\000e\000r\000a\000r\000q\000u\000i\000a\000\040\000S\000i\000n\000t\000\340\000c\000t\000i\000c\000a}{section.1.2}% 31
\BOOKMARK [2][-]{subsection.1.2.3}{\376\377\000A\000p\000l\000i\000c\000a\000c\000i\000\363\000\040\000d\000e\000\040\000F\000u\000n\000c\000i\000o\000n\000s\000\040\000i\000\040\000C\000u\000r\000r\000i\000f\000i\000c\000a\000c\000i\000\363}{section.1.2}% 32
\BOOKMARK [1][-]{section.1.3}{\376\377\000A\000r\000b\000r\000e\000\040\000d\000e\000\040\000S\000i\000n\000t\000a\000x\000i\000\040\000A\000b\000s\000t\000r\000a\000c\000t\000a\000\040\000R\000e\000s\000u\000l\000t\000a\000n\000t}{chapter.1}% 33
\BOOKMARK [0][-]{chapter.2}{\376\377\000S\000i\000s\000t\000e\000m\000a\000\040\000d\000e\000\040\000T\000i\000p\000u\000s}{part.2}% 34
\BOOKMARK [1][-]{section.2.1}{\376\377\000F\000o\000n\000a\000m\000e\000n\000t\000s\000\040\000d\000e\000\040\000l\000'\000A\000l\000g\000o\000r\000i\000s\000m\000e\000\040\000d\000e\000\040\000H\000i\000n\000d\000l\000e\000y\000-\000M\000i\000l\000n\000e\000r}{chapter.2}% 35
\BOOKMARK [1][-]{section.2.2}{\376\377\000L\000'\000A\000l\000g\000o\000r\000i\000s\000m\000e\000\040\000d\000'\000U\000n\000i\000f\000i\000c\000a\000c\000i\000\363\000\040\000d\000e\000\040\000R\000o\000b\000i\000n\000s\000o\000n}{chapter.2}% 36
\BOOKMARK [1][-]{section.2.3}{\376\377\000E\000l\000\040\000M\000o\000t\000o\000r\000\040\000d\000'\000I\000n\000f\000e\000r\000\350\000n\000c\000i\000a\000\040\000E\000s\000t\000r\000u\000c\000t\000u\000r\000a\000l}{chapter.2}% 37
\BOOKMARK [2][-]{subsection.2.3.1}{\376\377\000A\000n\000\340\000l\000i\000s\000i\000\040\000d\000e\000\040\000C\000a\000s\000o\000s\000\040\000C\000l\000a\000u\000s\000\040\000d\000e\000\040\000l\000a\000\040\000f\000u\000n\000c\000i\000\363\000\040\000i\000n\000f\000e\000r\000e\000i\000x}{section.2.3}% 38
\BOOKMARK [2][-]{subsection.2.3.2}{\376\377\000V\000a\000r\000i\000a\000b\000l\000e\000s\000\040\000d\000e\000\040\000T\000i\000p\000u\000s\000\040\000F\000r\000e\000s\000q\000u\000e\000s\000\040\000i\000\040\000G\000e\000s\000t\000i\000\363\000\040\000d\000'\000E\000s\000t\000a\000t\000\040\000P\000u\000r\000e}{section.2.3}% 39
\BOOKMARK [1][-]{section.2.4}{\376\377\000P\000o\000l\000i\000m\000o\000r\000f\000i\000s\000m\000e\000\040\000P\000a\000r\000a\000m\000\350\000t\000r\000i\000c\000\040\000i\000\040\000R\000e\000a\000n\000o\000m\000e\000n\000a\000m\000e\000n\000t\000\040\000D\000i\000n\000\340\000m\000i\000c}{chapter.2}% 40
\BOOKMARK [0][-]{chapter.3}{\376\377\000A\000v\000a\000l\000u\000a\000c\000i\000\363\000\040\000i\000\040\000R\000e\000d\000u\000c\000c\000i\000\363\000\040\000d\000e\000\040\000G\000r\000a\000f\000s}{part.2}% 41
\BOOKMARK [1][-]{section.3.1}{\376\377\000D\000e\000\040\000l\000'\000A\000S\000T\000\040\000a\000l\000\040\000G\000r\000a\000f}{chapter.3}% 42
\BOOKMARK [2][-]{subsection.3.1.1}{\376\377\000E\000s\000t\000r\000u\000c\000t\000u\000r\000a\000\040\000d\000e\000l\000\040\000H\000e\000a\000p\000\040\000i\000\040\000A\000d\000r\000e\000\347\000a\000m\000e\000n\000t}{section.3.1}% 43
\BOOKMARK [1][-]{section.3.2}{\376\377\000L\000a\000m\000b\000d\000a\000\040\000L\000i\000f\000t\000i\000n\000g\000\040\000i\000\040\000S\000u\000p\000e\000r\000c\000o\000m\000b\000i\000n\000a\000d\000o\000r\000s}{chapter.3}% 44
\BOOKMARK [2][-]{subsection.3.2.1}{\376\377\000E\000x\000t\000r\000a\000c\000c\000i\000\363\000\040\000d\000e\000\040\000v\000a\000r\000i\000a\000b\000l\000e\000s\000\040\000l\000l\000i\000u\000r\000e\000s}{section.3.2}% 45
\BOOKMARK [2][-]{subsection.3.2.2}{\376\377\000G\000e\000n\000e\000r\000a\000c\000i\000\363\000\040\000d\000e\000\040\000f\000u\000n\000c\000i\000o\000n\000s\000\040\000g\000l\000o\000b\000a\000l\000s}{section.3.2}% 46
\BOOKMARK [1][-]{section.3.3}{\376\377\000E\000s\000t\000r\000a\000t\000\350\000g\000i\000a\000\040\000d\000e\000\040\000R\000e\000d\000u\000c\000c\000i\000\363\000\040\000\050\000L\000a\000z\000y\000\040\000E\000v\000a\000l\000u\000a\000t\000i\000o\000n\000\051}{chapter.3}% 47
\BOOKMARK [2][-]{subsection.3.3.1}{\376\377\000E\000x\000p\000l\000o\000r\000a\000c\000i\000\363\000\040\000d\000e\000l\000\040\000C\000a\000m\000\355\000\040\000E\000s\000q\000u\000e\000r\000r\000e\000\040\000\050\000S\000p\000i\000n\000e\000\040\000U\000n\000w\000i\000n\000d\000i\000n\000g\000\051}{section.3.3}% 48
\BOOKMARK [0][-]{chapter.4}{\376\377\000R\000e\000s\000u\000l\000t\000a\000t\000s\000\040\000i\000\040\000P\000r\000o\000v\000e\000s}{part.2}% 49
\BOOKMARK [1][-]{section.4.1}{\376\377\000B\000a\000t\000e\000r\000i\000a\000\040\000d\000e\000\040\000T\000e\000s\000t\000s\000\040\000d\000'\000I\000n\000f\000e\000r\000\350\000n\000c\000i\000a}{chapter.4}% 50
\BOOKMARK [1][-]{section.4.2}{\376\377\000E\000x\000e\000c\000u\000c\000i\000\363\000\040\000d\000e\000\040\000S\000u\000p\000e\000r\000c\000o\000m\000b\000i\000n\000a\000d\000o\000r\000s}{chapter.4}% 51
\BOOKMARK [1][-]{section.4.3}{\376\377\000L\000i\000m\000i\000t\000a\000c\000i\000o\000n\000s\000\040\000a\000c\000t\000u\000a\000l\000s}{chapter.4}% 52
\BOOKMARK [0][-]{chapter.5}{\376\377\000C\000o\000n\000c\000l\000u\000s\000i\000o\000n\000s}{part.2}% 53
\BOOKMARK [1][-]{section.5.1}{\376\377\000O\000b\000j\000e\000c\000t\000i\000u\000s\000\040\000a\000s\000s\000o\000l\000i\000t\000s}{chapter.5}% 54
\BOOKMARK [1][-]{section.5.2}{\376\377\000A\000p\000r\000e\000n\000e\000n\000t\000a\000t\000g\000e\000s\000\040\000p\000e\000r\000s\000o\000n\000a\000l\000s}{chapter.5}% 55
\BOOKMARK [1][-]{section.5.3}{\376\377\000T\000r\000e\000b\000a\000l\000l\000\040\000f\000u\000t\000u\000r}{chapter.5}% 56
